<?xml version="1.0" encoding="UTF-8"?>
<testsuite name="com.example.seodangdogbe.SeodangdogbeApplicationTests" tests="1" skipped="0" failures="0" errors="0" timestamp="2024-03-08T13:52:01" hostname="gim-alim-ui-MacBookAir.local" time="0.274">
  <properties/>
  <testcase name="contextLoads()" classname="com.example.seodangdogbe.SeodangdogbeApplicationTests" time="0.274"/>
  <system-out><![CDATA[22:51:59.151 [Test worker] INFO org.springframework.test.context.support.AnnotationConfigContextLoaderUtils -- Could not detect default configuration classes for test class [com.example.seodangdogbe.SeodangdogbeApplicationTests]: SeodangdogbeApplicationTests does not declare any static, non-private, non-final, nested classes annotated with @Configuration.
22:51:59.192 [Test worker] INFO org.springframework.boot.test.context.SpringBootTestContextBootstrapper -- Found @SpringBootConfiguration com.example.seodangdogbe.SeodangdogbeApplication for test class com.example.seodangdogbe.SeodangdogbeApplicationTests

  .   ____          _            __ _ _
 /\\ / ___'_ __ _ _(_)_ __  __ _ \ \ \ \
( ( )\___ | '_ | '_| | '_ \/ _` | \ \ \ \
 \\/  ___)| |_)| | | | | || (_| |  ) ) ) )
  '  |____| .__|_| |_|_| |_\__, | / / / /
 =========|_|==============|___/=/_/_/_/
 :: Spring Boot ::                (v3.2.3)

2024-03-08T22:51:59.360+09:00  INFO 24226 --- [    Test worker] c.e.s.SeodangdogbeApplicationTests       : Starting SeodangdogbeApplicationTests using Java 17.0.9 with PID 24226 (started by kim-arim in /Users/kim-arim/Desktop/cicdTest/mytestproject/seodangdogbe)
2024-03-08T22:51:59.361+09:00  INFO 24226 --- [    Test worker] c.e.s.SeodangdogbeApplicationTests       : No active profile set, falling back to 1 default profile: "default"
2024-03-08T22:51:59.659+09:00  INFO 24226 --- [    Test worker] .s.d.r.c.RepositoryConfigurationDelegate : Bootstrapping Spring Data JPA repositories in DEFAULT mode.
2024-03-08T22:51:59.687+09:00  INFO 24226 --- [    Test worker] .s.d.r.c.RepositoryConfigurationDelegate : Finished Spring Data repository scanning in 24 ms. Found 1 JPA repository interface.
2024-03-08T22:51:59.902+09:00  INFO 24226 --- [    Test worker] o.hibernate.jpa.internal.util.LogHelper  : HHH000204: Processing PersistenceUnitInfo [name: default]
2024-03-08T22:51:59.921+09:00  INFO 24226 --- [    Test worker] org.hibernate.Version                    : HHH000412: Hibernate ORM core version 6.4.4.Final
2024-03-08T22:51:59.937+09:00  INFO 24226 --- [    Test worker] o.h.c.internal.RegionFactoryInitiator    : HHH000026: Second-level cache disabled
2024-03-08T22:52:00.045+09:00  INFO 24226 --- [    Test worker] o.s.o.j.p.SpringPersistenceUnitInfo      : No LoadTimeWeaver setup: ignoring JPA class transformer
2024-03-08T22:52:00.058+09:00  INFO 24226 --- [    Test worker] com.zaxxer.hikari.HikariDataSource       : HikariPool-1 - Starting...
2024-03-08T22:52:00.416+09:00  INFO 24226 --- [    Test worker] com.zaxxer.hikari.pool.HikariPool        : HikariPool-1 - Added connection com.mysql.cj.jdbc.ConnectionImpl@794d28a3
2024-03-08T22:52:00.418+09:00  INFO 24226 --- [    Test worker] com.zaxxer.hikari.HikariDataSource       : HikariPool-1 - Start completed.
2024-03-08T22:52:00.454+09:00  WARN 24226 --- [    Test worker] org.hibernate.orm.deprecation            : HHH90000025: MySQL8Dialect does not need to be specified explicitly using 'hibernate.dialect' (remove the property setting and it will be selected by default)
2024-03-08T22:52:00.455+09:00  WARN 24226 --- [    Test worker] org.hibernate.orm.deprecation            : HHH90000026: MySQL8Dialect has been deprecated; use org.hibernate.dialect.MySQLDialect instead
2024-03-08T22:52:00.781+09:00  INFO 24226 --- [    Test worker] o.h.e.t.j.p.i.JtaPlatformInitiator       : HHH000489: No JTA platform available (set 'hibernate.transaction.jta.platform' to enable JTA platform integration)
Hibernate: drop table if exists member
Hibernate: create table member (member_seq bigint not null auto_increment, nickname varchar(10), member_id varchar(100), password varchar(100), role enum ('Member'), primary key (member_seq)) engine=InnoDB
2024-03-08T22:52:00.877+09:00  INFO 24226 --- [    Test worker] j.LocalContainerEntityManagerFactoryBean : Initialized JPA EntityManagerFactory for persistence unit 'default'
2024-03-08T22:52:01.060+09:00  WARN 24226 --- [    Test worker] JpaBaseConfiguration$JpaWebConfiguration : spring.jpa.open-in-view is enabled by default. Therefore, database queries may be performed during view rendering. Explicitly configure spring.jpa.open-in-view to disable this warning
2024-03-08T22:52:01.069+09:00  WARN 24226 --- [    Test worker] .s.s.UserDetailsServiceAutoConfiguration : 

Using generated security password: 5cfa707a-ff96-4662-94e4-dc350bc45c1a

This generated password is for development use only. Your security configuration must be updated before running your application in production.

2024-03-08T22:52:01.198+09:00  INFO 24226 --- [    Test worker] o.s.s.web.DefaultSecurityFilterChain     : Will secure any request with [org.springframework.security.web.session.DisableEncodeUrlFilter@182469d0, org.springframework.security.web.context.request.async.WebAsyncManagerIntegrationFilter@62aefc75, org.springframework.security.web.context.SecurityContextHolderFilter@2ef3efcc, org.springframework.security.web.header.HeaderWriterFilter@46f597f1, org.springframework.security.web.authentication.logout.LogoutFilter@6421bc7e, com.example.seodangdogbe.auth.jwt.JWTAuthenticationFilter@c6653e, org.springframework.security.web.savedrequest.RequestCacheAwareFilter@5c7b504, org.springframework.security.web.servletapi.SecurityContextHolderAwareRequestFilter@772589ed, org.springframework.security.web.authentication.AnonymousAuthenticationFilter@435e224d, org.springframework.security.web.session.SessionManagementFilter@247d44b4, org.springframework.security.web.access.ExceptionTranslationFilter@5a2297d7, org.springframework.security.web.access.intercept.AuthorizationFilter@68024e57]
2024-03-08T22:52:01.335+09:00  INFO 24226 --- [    Test worker] c.e.s.SeodangdogbeApplicationTests       : Started SeodangdogbeApplicationTests in 2.083 seconds (process running for 2.536)
]]></system-out>
  <system-err><![CDATA[]]></system-err>
</testsuite>
