<?xml version="1.0" encoding="UTF-8"?>
<testsuite name="com.example.seodangdogbe.SeodangdogbeApplicationTests" tests="1" skipped="0" failures="0" errors="0" timestamp="2024-03-02T06:16:11" hostname="gim-alim-ui-MacBookAir.local" time="0.371">
  <properties/>
  <testcase name="contextLoads()" classname="com.example.seodangdogbe.SeodangdogbeApplicationTests" time="0.371"/>
  <system-out><![CDATA[15:16:10.887 [Test worker] INFO org.springframework.test.context.support.AnnotationConfigContextLoaderUtils -- Could not detect default configuration classes for test class [com.example.seodangdogbe.SeodangdogbeApplicationTests]: SeodangdogbeApplicationTests does not declare any static, non-private, non-final, nested classes annotated with @Configuration.
15:16:10.922 [Test worker] INFO org.springframework.boot.test.context.SpringBootTestContextBootstrapper -- Found @SpringBootConfiguration com.example.seodangdogbe.SeodangdogbeApplication for test class com.example.seodangdogbe.SeodangdogbeApplicationTests

  .   ____          _            __ _ _
 /\\ / ___'_ __ _ _(_)_ __  __ _ \ \ \ \
( ( )\___ | '_ | '_| | '_ \/ _` | \ \ \ \
 \\/  ___)| |_)| | | | | || (_| |  ) ) ) )
  '  |____| .__|_| |_|_| |_\__, | / / / /
 =========|_|==============|___/=/_/_/_/
 :: Spring Boot ::                (v3.2.3)

2024-03-02T15:16:11.095+09:00  INFO 41665 --- [    Test worker] c.e.s.SeodangdogbeApplicationTests       : Starting SeodangdogbeApplicationTests using Java 17.0.9 with PID 41665 (started by kim-arim in /Users/kim-arim/Desktop/cicdTest/mytestproject/seodangdogbe)
2024-03-02T15:16:11.096+09:00  INFO 41665 --- [    Test worker] c.e.s.SeodangdogbeApplicationTests       : No active profile set, falling back to 1 default profile: "default"
2024-03-02T15:16:11.341+09:00  INFO 41665 --- [    Test worker] .s.d.r.c.RepositoryConfigurationDelegate : Bootstrapping Spring Data MongoDB repositories in DEFAULT mode.
2024-03-02T15:16:11.347+09:00  INFO 41665 --- [    Test worker] .s.d.r.c.RepositoryConfigurationDelegate : Finished Spring Data repository scanning in 4 ms. Found 0 MongoDB repository interfaces.
2024-03-02T15:16:11.686+09:00  INFO 41665 --- [    Test worker] org.mongodb.driver.client                : MongoClient with metadata {"driver": {"name": "mongo-java-driver|sync|spring-boot", "version": "4.11.1"}, "os": {"type": "Darwin", "name": "Mac OS X", "architecture": "aarch64", "version": "13.5"}, "platform": "Java/Homebrew/17.0.9+0"} created with settings MongoClientSettings{readPreference=primary, writeConcern=WriteConcern{w=null, wTimeout=null ms, journal=null}, retryWrites=true, retryReads=true, readConcern=ReadConcern{level=null}, credential=null, transportSettings=null, streamFactoryFactory=null, commandListeners=[], codecRegistry=ProvidersCodecRegistry{codecProviders=[ValueCodecProvider{}, BsonValueCodecProvider{}, DBRefCodecProvider{}, DBObjectCodecProvider{}, DocumentCodecProvider{}, CollectionCodecProvider{}, IterableCodecProvider{}, MapCodecProvider{}, GeoJsonCodecProvider{}, GridFSFileCodecProvider{}, Jsr310CodecProvider{}, JsonObjectCodecProvider{}, BsonCodecProvider{}, EnumCodecProvider{}, com.mongodb.client.model.mql.ExpressionCodecProvider@7f4a1cac, com.mongodb.Jep395RecordCodecProvider@4a1a412e, com.mongodb.KotlinCodecProvider@c568f91]}, loggerSettings=LoggerSettings{maxDocumentLength=1000}, clusterSettings={hosts=[localhost:27017], srvServiceName=mongodb, mode=SINGLE, requiredClusterType=UNKNOWN, requiredReplicaSetName='null', serverSelector='null', clusterListeners='[]', serverSelectionTimeout='30000 ms', localThreshold='15 ms'}, socketSettings=SocketSettings{connectTimeoutMS=10000, readTimeoutMS=0, receiveBufferSize=0, proxySettings=ProxySettings{host=null, port=null, username=null, password=null}}, heartbeatSocketSettings=SocketSettings{connectTimeoutMS=10000, readTimeoutMS=10000, receiveBufferSize=0, proxySettings=ProxySettings{host=null, port=null, username=null, password=null}}, connectionPoolSettings=ConnectionPoolSettings{maxSize=100, minSize=0, maxWaitTimeMS=120000, maxConnectionLifeTimeMS=0, maxConnectionIdleTimeMS=0, maintenanceInitialDelayMS=0, maintenanceFrequencyMS=60000, connectionPoolListeners=[], maxConnecting=2}, serverSettings=ServerSettings{heartbeatFrequencyMS=10000, minHeartbeatFrequencyMS=500, serverListeners='[]', serverMonitorListeners='[]'}, sslSettings=SslSettings{enabled=false, invalidHostNameAllowed=false, context=null}, applicationName='null', compressorList=[], uuidRepresentation=JAVA_LEGACY, serverApi=null, autoEncryptionSettings=null, dnsClient=null, inetAddressResolver=null, contextProvider=null}
2024-03-02T15:16:11.692+09:00  INFO 41665 --- [localhost:27017] org.mongodb.driver.cluster               : Exception in monitor thread while connecting to server localhost:27017

com.mongodb.MongoSocketOpenException: Exception opening socket
	at com.mongodb.internal.connection.SocketStream.lambda$open$0(SocketStream.java:84) ~[mongodb-driver-core-4.11.1.jar:na]
	at java.base/java.util.Optional.orElseThrow(Optional.java:403) ~[na:na]
	at com.mongodb.internal.connection.SocketStream.open(SocketStream.java:84) ~[mongodb-driver-core-4.11.1.jar:na]
	at com.mongodb.internal.connection.InternalStreamConnection.open(InternalStreamConnection.java:211) ~[mongodb-driver-core-4.11.1.jar:na]
	at com.mongodb.internal.connection.DefaultServerMonitor$ServerMonitorRunnable.lookupServerDescription(DefaultServerMonitor.java:196) ~[mongodb-driver-core-4.11.1.jar:na]
	at com.mongodb.internal.connection.DefaultServerMonitor$ServerMonitorRunnable.run(DefaultServerMonitor.java:156) ~[mongodb-driver-core-4.11.1.jar:na]
	at java.base/java.lang.Thread.run(Thread.java:840) ~[na:na]
Caused by: java.net.ConnectException: Connection refused
	at java.base/sun.nio.ch.Net.pollConnect(Native Method) ~[na:na]
	at java.base/sun.nio.ch.Net.pollConnectNow(Net.java:672) ~[na:na]
	at java.base/sun.nio.ch.NioSocketImpl.timedFinishConnect(NioSocketImpl.java:547) ~[na:na]
	at java.base/sun.nio.ch.NioSocketImpl.connect(NioSocketImpl.java:602) ~[na:na]
	at java.base/java.net.SocksSocketImpl.connect(SocksSocketImpl.java:327) ~[na:na]
	at java.base/java.net.Socket.connect(Socket.java:633) ~[na:na]
	at com.mongodb.internal.connection.SocketStreamHelper.initialize(SocketStreamHelper.java:76) ~[mongodb-driver-core-4.11.1.jar:na]
	at com.mongodb.internal.connection.SocketStream.initializeSocket(SocketStream.java:104) ~[mongodb-driver-core-4.11.1.jar:na]
	at com.mongodb.internal.connection.SocketStream.open(SocketStream.java:78) ~[mongodb-driver-core-4.11.1.jar:na]
	... 4 common frames omitted

2024-03-02T15:16:11.795+09:00  WARN 41665 --- [    Test worker] .s.s.UserDetailsServiceAutoConfiguration : 

Using generated security password: 3a70a400-8f15-42f8-8be9-f23789e97f25

This generated password is for development use only. Your security configuration must be updated before running your application in production.

2024-03-02T15:16:11.851+09:00  INFO 41665 --- [    Test worker] o.s.s.web.DefaultSecurityFilterChain     : Will secure any request with [org.springframework.security.web.session.DisableEncodeUrlFilter@7ab33ca8, org.springframework.security.web.context.request.async.WebAsyncManagerIntegrationFilter@704d3b00, org.springframework.security.web.context.SecurityContextHolderFilter@cdbe995, org.springframework.security.web.header.HeaderWriterFilter@166ce247, org.springframework.web.filter.CorsFilter@21e484b, org.springframework.security.web.csrf.CsrfFilter@4492b393, org.springframework.security.web.authentication.logout.LogoutFilter@ec5f944, org.springframework.security.web.authentication.UsernamePasswordAuthenticationFilter@5fd18419, org.springframework.security.web.authentication.ui.DefaultLoginPageGeneratingFilter@1584c019, org.springframework.security.web.authentication.ui.DefaultLogoutPageGeneratingFilter@191f4d65, org.springframework.security.web.authentication.www.BasicAuthenticationFilter@29147c12, org.springframework.security.web.savedrequest.RequestCacheAwareFilter@374b6e33, org.springframework.security.web.servletapi.SecurityContextHolderAwareRequestFilter@7ed7ae, org.springframework.security.web.authentication.AnonymousAuthenticationFilter@7a2a7492, org.springframework.security.web.access.ExceptionTranslationFilter@7e3ee128, org.springframework.security.web.access.intercept.AuthorizationFilter@5b3518e1]
2024-03-02T15:16:11.881+09:00  INFO 41665 --- [    Test worker] c.e.s.SeodangdogbeApplicationTests       : Started SeodangdogbeApplicationTests in 0.902 seconds (process running for 1.356)
]]></system-out>
  <system-err><![CDATA[]]></system-err>
</testsuite>
